<?xml version="1.0" encoding="UTF-8"?>
<!-- Generated by org.testng.reporters.JUnitReportReporter -->
<testsuite hostname="Nabila-Mubeen-Dell" failures="0" tests="1" name="testcases.AutomationTestStore" time="4.636" errors="0" timestamp="2024-11-08T19:16:48 PKT" skipped="0">
  <testcase classname="testcases.AutomationTestStore" name="runtest3" time="4.636"/>
  <system-out/>
</testsuite> <!-- testcases.AutomationTestStore -->
